[2025-07-22 13:04:26] local.ERROR: Class "App\Http\Controllers\Controller" not found {"exception":"[object] (Error(code: 0): Class \"App\\Http\\Controllers\\Controller\" not found at /home/runner/work/laravel-ddd-example/laravel-ddd-example/app/Http/Controllers/Api/V1/UserController.php:27)
[stacktrace]
#0 /home/runner/work/laravel-ddd-example/laravel-ddd-example/vendor/composer/ClassLoader.php(576): include()
#1 /home/runner/work/laravel-ddd-example/laravel-ddd-example/vendor/composer/ClassLoader.php(427): Composer\\Autoload\\{closure}()
#2 [internal function]: Composer\\Autoload\\ClassLoader->loadClass()
#3 /home/runner/work/laravel-ddd-example/laravel-ddd-example/vendor/laravel/framework/src/Illuminate/Routing/Route.php(1119): is_a()
#4 /home/runner/work/laravel-ddd-example/laravel-ddd-example/vendor/laravel/framework/src/Illuminate/Routing/Route.php(1056): Illuminate\\Routing\\Route->controllerMiddleware()
#5 /home/runner/work/laravel-ddd-example/laravel-ddd-example/vendor/laravel/framework/src/Illuminate/Routing/Router.php(820): Illuminate\\Routing\\Route->gatherMiddleware()
#6 /home/runner/work/laravel-ddd-example/laravel-ddd-example/vendor/laravel/framework/src/Illuminate/Foundation/Console/RouteListCommand.php(211): Illuminate\\Routing\\Router->gatherRouteMiddleware()
#7 /home/runner/work/laravel-ddd-example/laravel-ddd-example/vendor/laravel/framework/src/Illuminate/Foundation/Console/RouteListCommand.php(148): Illuminate\\Foundation\\Console\\RouteListCommand->getMiddleware()
#8 /home/runner/work/laravel-ddd-example/laravel-ddd-example/vendor/laravel/framework/src/Illuminate/Foundation/Console/RouteListCommand.php(117): Illuminate\\Foundation\\Console\\RouteListCommand->getRouteInformation()
#9 [internal function]: Illuminate\\Foundation\\Console\\RouteListCommand->Illuminate\\Foundation\\Console\\{closure}()
#10 /home/runner/work/laravel-ddd-example/laravel-ddd-example/vendor/laravel/framework/src/Illuminate/Collections/Arr.php(754): array_map()
#11 /home/runner/work/laravel-ddd-example/laravel-ddd-example/vendor/laravel/framework/src/Illuminate/Collections/Collection.php(809): Illuminate\\Support\\Arr::map()
#12 /home/runner/work/laravel-ddd-example/laravel-ddd-example/vendor/laravel/framework/src/Illuminate/Foundation/Console/RouteListCommand.php(117): Illuminate\\Support\\Collection->map()
#13 /home/runner/work/laravel-ddd-example/laravel-ddd-example/vendor/laravel/framework/src/Illuminate/Foundation/Console/RouteListCommand.php(102): Illuminate\\Foundation\\Console\\RouteListCommand->getRoutes()
#14 /home/runner/work/laravel-ddd-example/laravel-ddd-example/vendor/laravel/framework/src/Illuminate/Container/BoundMethod.php(36): Illuminate\\Foundation\\Console\\RouteListCommand->handle()
#15 /home/runner/work/laravel-ddd-example/laravel-ddd-example/vendor/laravel/framework/src/Illuminate/Container/Util.php(43): Illuminate\\Container\\BoundMethod::Illuminate\\Container\\{closure}()
#16 /home/runner/work/laravel-ddd-example/laravel-ddd-example/vendor/laravel/framework/src/Illuminate/Container/BoundMethod.php(96): Illuminate\\Container\\Util::unwrapIfClosure()
#17 /home/runner/work/laravel-ddd-example/laravel-ddd-example/vendor/laravel/framework/src/Illuminate/Container/BoundMethod.php(35): Illuminate\\Container\\BoundMethod::callBoundMethod()
#18 /home/runner/work/laravel-ddd-example/laravel-ddd-example/vendor/laravel/framework/src/Illuminate/Container/Container.php(754): Illuminate\\Container\\BoundMethod::call()
#19 /home/runner/work/laravel-ddd-example/laravel-ddd-example/vendor/laravel/framework/src/Illuminate/Console/Command.php(211): Illuminate\\Container\\Container->call()
#20 /home/runner/work/laravel-ddd-example/laravel-ddd-example/vendor/symfony/console/Command/Command.php(318): Illuminate\\Console\\Command->execute()
#21 /home/runner/work/laravel-ddd-example/laravel-ddd-example/vendor/laravel/framework/src/Illuminate/Console/Command.php(180): Symfony\\Component\\Console\\Command\\Command->run()
#22 /home/runner/work/laravel-ddd-example/laravel-ddd-example/vendor/symfony/console/Application.php(1092): Illuminate\\Console\\Command->run()
#23 /home/runner/work/laravel-ddd-example/laravel-ddd-example/vendor/symfony/console/Application.php(341): Symfony\\Component\\Console\\Application->doRunCommand()
#24 /home/runner/work/laravel-ddd-example/laravel-ddd-example/vendor/symfony/console/Application.php(192): Symfony\\Component\\Console\\Application->doRun()
#25 /home/runner/work/laravel-ddd-example/laravel-ddd-example/vendor/laravel/framework/src/Illuminate/Foundation/Console/Kernel.php(197): Symfony\\Component\\Console\\Application->run()
#26 /home/runner/work/laravel-ddd-example/laravel-ddd-example/artisan(35): Illuminate\\Foundation\\Console\\Kernel->handle()
#27 {main}
"} 
[2025-07-22 13:04:54] local.ERROR: Declaration of App\Infrastructure\Repositories\UserRepository::delete(int $id): bool must be compatible with Prettus\Repository\Eloquent\BaseRepository::delete($id) {"exception":"[object] (Symfony\\Component\\ErrorHandler\\Error\\FatalError(code: 0): Declaration of App\\Infrastructure\\Repositories\\UserRepository::delete(int $id): bool must be compatible with Prettus\\Repository\\Eloquent\\BaseRepository::delete($id) at /home/runner/work/laravel-ddd-example/laravel-ddd-example/app/Infrastructure/Repositories/UserRepository.php:67)
[stacktrace]
#0 /home/runner/work/laravel-ddd-example/laravel-ddd-example/vendor/laravel/framework/src/Illuminate/Foundation/Bootstrap/HandleExceptions.php(245): Symfony\\Component\\ErrorHandler\\Error\\FatalError->__construct('...', '...', '...', '...', '...', '...')
#1 /home/runner/work/laravel-ddd-example/laravel-ddd-example/vendor/laravel/framework/src/Illuminate/Foundation/Bootstrap/HandleExceptions.php(232): Illuminate\\Foundation\\Bootstrap\\HandleExceptions->fatalErrorFromPhpError('...', '...')
#2 /home/runner/work/laravel-ddd-example/laravel-ddd-example/vendor/laravel/framework/src/Illuminate/Foundation/Bootstrap/HandleExceptions.php(256): Illuminate\\Foundation\\Bootstrap\\HandleExceptions->handleShutdown()
#3 /home/runner/work/laravel-ddd-example/laravel-ddd-example/vendor/laravel/framework/src/Illuminate/Foundation/Bootstrap/HandleExceptions.php(0): Illuminate\\Foundation\\Bootstrap\\HandleExceptions->Illuminate\\Foundation\\Bootstrap\\{closure:/home/runner/work/laravel-ddd-example/laravel-ddd-example/vendor/laravel/framework/src/Illuminate/Foundation/Bootstrap/HandleExceptions.php:255-257}()
#4 /home/runner/work/laravel-ddd-example/laravel-ddd-example/vendor/composer/ClassLoader.php(576): ()
#5 /home/runner/work/laravel-ddd-example/laravel-ddd-example/vendor/composer/ClassLoader.php(427): Composer\\Autoload\\{closure:/home/runner/work/laravel-ddd-example/laravel-ddd-example/vendor/composer/ClassLoader.php:575-577}('...')
#6 /home/runner/work/laravel-ddd-example/laravel-ddd-example/vendor/laravel/framework/src/Illuminate/Container/Container.php(1017): Composer\\Autoload\\ClassLoader->loadClass('...')
#7 /home/runner/work/laravel-ddd-example/laravel-ddd-example/vendor/laravel/framework/src/Illuminate/Container/Container.php(1017): ReflectionClass->__construct('...')
#8 /home/runner/work/laravel-ddd-example/laravel-ddd-example/vendor/laravel/framework/src/Illuminate/Container/Container.php(890): Illuminate\\Foundation\\Application->build('...')
#9 /home/runner/work/laravel-ddd-example/laravel-ddd-example/vendor/laravel/framework/src/Illuminate/Foundation/Application.php(1077): Illuminate\\Foundation\\Application->resolve('...', '...', '...')
#10 /home/runner/work/laravel-ddd-example/laravel-ddd-example/vendor/laravel/framework/src/Illuminate/Container/Container.php(334): Illuminate\\Foundation\\Application->resolve('...', '...', '...')
#11 /home/runner/work/laravel-ddd-example/laravel-ddd-example/vendor/laravel/framework/src/Illuminate/Container/Container.php(1010): Illuminate\\Foundation\\Application->Illuminate\\Container\\{closure:/home/runner/work/laravel-ddd-example/laravel-ddd-example/vendor/laravel/framework/src/Illuminate/Container/Container.php:329-337}('...', '...')
#12 /home/runner/work/laravel-ddd-example/laravel-ddd-example/vendor/laravel/framework/src/Illuminate/Container/Container.php(890): Illuminate\\Foundation\\Application->build('...')
#13 /home/runner/work/laravel-ddd-example/laravel-ddd-example/vendor/laravel/framework/src/Illuminate/Foundation/Application.php(1077): Illuminate\\Foundation\\Application->resolve('...', '...', '...')
#14 /home/runner/work/laravel-ddd-example/laravel-ddd-example/vendor/laravel/framework/src/Illuminate/Container/Container.php(821): Illuminate\\Foundation\\Application->resolve('...', '...', '...')
#15 /home/runner/work/laravel-ddd-example/laravel-ddd-example/vendor/laravel/framework/src/Illuminate/Foundation/Application.php(1057): Illuminate\\Foundation\\Application->make('...', '...')
#16 /home/runner/work/laravel-ddd-example/laravel-ddd-example/vendor/laravel/framework/src/Illuminate/Container/Container.php(1202): Illuminate\\Foundation\\Application->make('...', '...')
#17 /home/runner/work/laravel-ddd-example/laravel-ddd-example/vendor/laravel/framework/src/Illuminate/Container/Container.php(1101): Illuminate\\Foundation\\Application->resolveClass('...')
#18 /home/runner/work/laravel-ddd-example/laravel-ddd-example/vendor/laravel/framework/src/Illuminate/Container/Container.php(1052): Illuminate\\Foundation\\Application->resolveDependencies('...')
#19 /home/runner/work/laravel-ddd-example/laravel-ddd-example/vendor/laravel/framework/src/Illuminate/Container/Container.php(331): Illuminate\\Foundation\\Application->build('...')
#20 /home/runner/work/laravel-ddd-example/laravel-ddd-example/vendor/laravel/framework/src/Illuminate/Container/Container.php(1010): Illuminate\\Foundation\\Application->Illuminate\\Container\\{closure:/home/runner/work/laravel-ddd-example/laravel-ddd-example/vendor/laravel/framework/src/Illuminate/Container/Container.php:329-337}('...', '...')
#21 /home/runner/work/laravel-ddd-example/laravel-ddd-example/vendor/laravel/framework/src/Illuminate/Container/Container.php(890): Illuminate\\Foundation\\Application->build('...')
#22 /home/runner/work/laravel-ddd-example/laravel-ddd-example/vendor/laravel/framework/src/Illuminate/Foundation/Application.php(1077): Illuminate\\Foundation\\Application->resolve('...', '...', '...')
#23 /home/runner/work/laravel-ddd-example/laravel-ddd-example/vendor/laravel/framework/src/Illuminate/Container/Container.php(821): Illuminate\\Foundation\\Application->resolve('...', '...', '...')
#24 /home/runner/work/laravel-ddd-example/laravel-ddd-example/vendor/laravel/framework/src/Illuminate/Foundation/Application.php(1057): Illuminate\\Foundation\\Application->make('...', '...')
#25 /home/runner/work/laravel-ddd-example/laravel-ddd-example/vendor/laravel/framework/src/Illuminate/Container/Container.php(1202): Illuminate\\Foundation\\Application->make('...', '...')
#26 /home/runner/work/laravel-ddd-example/laravel-ddd-example/vendor/laravel/framework/src/Illuminate/Container/Container.php(1101): Illuminate\\Foundation\\Application->resolveClass('...')
#27 /home/runner/work/laravel-ddd-example/laravel-ddd-example/vendor/laravel/framework/src/Illuminate/Container/Container.php(1052): Illuminate\\Foundation\\Application->resolveDependencies('...')
#28 /home/runner/work/laravel-ddd-example/laravel-ddd-example/vendor/laravel/framework/src/Illuminate/Container/Container.php(331): Illuminate\\Foundation\\Application->build('...')
#29 /home/runner/work/laravel-ddd-example/laravel-ddd-example/vendor/laravel/framework/src/Illuminate/Container/Container.php(1010): Illuminate\\Foundation\\Application->Illuminate\\Container\\{closure:/home/runner/work/laravel-ddd-example/laravel-ddd-example/vendor/laravel/framework/src/Illuminate/Container/Container.php:329-337}('...', '...')
#30 /home/runner/work/laravel-ddd-example/laravel-ddd-example/vendor/laravel/framework/src/Illuminate/Container/Container.php(890): Illuminate\\Foundation\\Application->build('...')
#31 /home/runner/work/laravel-ddd-example/laravel-ddd-example/vendor/laravel/framework/src/Illuminate/Foundation/Application.php(1077): Illuminate\\Foundation\\Application->resolve('...', '...', '...')
#32 /home/runner/work/laravel-ddd-example/laravel-ddd-example/vendor/laravel/framework/src/Illuminate/Container/Container.php(821): Illuminate\\Foundation\\Application->resolve('...', '...', '...')
#33 /home/runner/work/laravel-ddd-example/laravel-ddd-example/vendor/laravel/framework/src/Illuminate/Foundation/Application.php(1057): Illuminate\\Foundation\\Application->make('...', '...')
#34 /home/runner/work/laravel-ddd-example/laravel-ddd-example/vendor/laravel/framework/src/Illuminate/Container/Container.php(1202): Illuminate\\Foundation\\Application->make('...', '...')
#35 /home/runner/work/laravel-ddd-example/laravel-ddd-example/vendor/laravel/framework/src/Illuminate/Container/Container.php(1101): Illuminate\\Foundation\\Application->resolveClass('...')
#36 /home/runner/work/laravel-ddd-example/laravel-ddd-example/vendor/laravel/framework/src/Illuminate/Container/Container.php(1052): Illuminate\\Foundation\\Application->resolveDependencies('...')
#37 /home/runner/work/laravel-ddd-example/laravel-ddd-example/vendor/laravel/framework/src/Illuminate/Container/Container.php(890): Illuminate\\Foundation\\Application->build('...')
#38 /home/runner/work/laravel-ddd-example/laravel-ddd-example/vendor/laravel/framework/src/Illuminate/Foundation/Application.php(1077): Illuminate\\Foundation\\Application->resolve('...', '...', '...')
#39 /home/runner/work/laravel-ddd-example/laravel-ddd-example/vendor/laravel/framework/src/Illuminate/Container/Container.php(821): Illuminate\\Foundation\\Application->resolve('...', '...', '...')
#40 /home/runner/work/laravel-ddd-example/laravel-ddd-example/vendor/laravel/framework/src/Illuminate/Foundation/Application.php(1057): Illuminate\\Foundation\\Application->make('...', '...')
#41 /home/runner/work/laravel-ddd-example/laravel-ddd-example/vendor/laravel/framework/src/Illuminate/Routing/Route.php(286): Illuminate\\Foundation\\Application->make('...', '...')
#42 /home/runner/work/laravel-ddd-example/laravel-ddd-example/vendor/laravel/framework/src/Illuminate/Routing/Route.php(1127): Illuminate\\Routing\\Route->getController()
#43 /home/runner/work/laravel-ddd-example/laravel-ddd-example/vendor/laravel/framework/src/Illuminate/Routing/Route.php(1056): Illuminate\\Routing\\Route->controllerMiddleware()
#44 /home/runner/work/laravel-ddd-example/laravel-ddd-example/vendor/laravel/framework/src/Illuminate/Routing/Router.php(820): Illuminate\\Routing\\Route->gatherMiddleware()
#45 /home/runner/work/laravel-ddd-example/laravel-ddd-example/vendor/laravel/framework/src/Illuminate/Foundation/Console/RouteListCommand.php(211): Illuminate\\Routing\\Router->gatherRouteMiddleware('...')
#46 /home/runner/work/laravel-ddd-example/laravel-ddd-example/vendor/laravel/framework/src/Illuminate/Foundation/Console/RouteListCommand.php(148): Illuminate\\Foundation\\Console\\RouteListCommand->getMiddleware('...')
#47 /home/runner/work/laravel-ddd-example/laravel-ddd-example/vendor/laravel/framework/src/Illuminate/Foundation/Console/RouteListCommand.php(117): Illuminate\\Foundation\\Console\\RouteListCommand->getRouteInformation('...')
#48 /home/runner/work/laravel-ddd-example/laravel-ddd-example/vendor/laravel/framework/src/Illuminate/Collections/Arr.php(754): Illuminate\\Foundation\\Console\\RouteListCommand->Illuminate\\Foundation\\Console\\{closure:/home/runner/work/laravel-ddd-example/laravel-ddd-example/vendor/laravel/framework/src/Illuminate/Foundation/Console/RouteListCommand.php:117-117}('...', '...')
#49 /home/runner/work/laravel-ddd-example/laravel-ddd-example/vendor/laravel/framework/src/Illuminate/Collections/Arr.php(754): array_map(callback: '...', array: '...', arrays: Array)
#50 /home/runner/work/laravel-ddd-example/laravel-ddd-example/vendor/laravel/framework/src/Illuminate/Collections/Collection.php(809): Illuminate\\Support\\Arr::map(array: '...', callback: '...')
#51 /home/runner/work/laravel-ddd-example/laravel-ddd-example/vendor/laravel/framework/src/Illuminate/Foundation/Console/RouteListCommand.php(117): Illuminate\\Support\\Collection->map(callback: '...')
#52 /home/runner/work/laravel-ddd-example/laravel-ddd-example/vendor/laravel/framework/src/Illuminate/Foundation/Console/RouteListCommand.php(102): Illuminate\\Foundation\\Console\\RouteListCommand->getRoutes()
#53 /home/runner/work/laravel-ddd-example/laravel-ddd-example/vendor/laravel/framework/src/Illuminate/Container/BoundMethod.php(36): Illuminate\\Foundation\\Console\\RouteListCommand->handle()
#54 /home/runner/work/laravel-ddd-example/laravel-ddd-example/vendor/laravel/framework/src/Illuminate/Container/Util.php(43): Illuminate\\Container\\BoundMethod::Illuminate\\Container\\{closure:/home/runner/work/laravel-ddd-example/laravel-ddd-example/vendor/laravel/framework/src/Illuminate/Container/BoundMethod.php:35-37}()
#55 /home/runner/work/laravel-ddd-example/laravel-ddd-example/vendor/laravel/framework/src/Illuminate/Container/BoundMethod.php(96): Illuminate\\Container\\Util::unwrapIfClosure(value: '...')
#56 /home/runner/work/laravel-ddd-example/laravel-ddd-example/vendor/laravel/framework/src/Illuminate/Container/BoundMethod.php(35): Illuminate\\Container\\BoundMethod::callBoundMethod(container: '...', callback: '...', default: '...')
#57 /home/runner/work/laravel-ddd-example/laravel-ddd-example/vendor/laravel/framework/src/Illuminate/Container/Container.php(754): Illuminate\\Container\\BoundMethod::call(container: '...', callback: '...', parameters: '...', defaultMethod: '...')
#58 /home/runner/work/laravel-ddd-example/laravel-ddd-example/vendor/laravel/framework/src/Illuminate/Console/Command.php(211): Illuminate\\Foundation\\Application->call(callback: '...', parameters: '...', defaultMethod: '...')
#59 /home/runner/work/laravel-ddd-example/laravel-ddd-example/vendor/symfony/console/Command/Command.php(318): Illuminate\\Foundation\\Console\\RouteListCommand->execute(input: '...', output: '...')
#60 /home/runner/work/laravel-ddd-example/laravel-ddd-example/vendor/laravel/framework/src/Illuminate/Console/Command.php(180): Illuminate\\Foundation\\Console\\RouteListCommand->run(input: '...', output: '...')
#61 /home/runner/work/laravel-ddd-example/laravel-ddd-example/vendor/symfony/console/Application.php(1092): Illuminate\\Foundation\\Console\\RouteListCommand->run(input: '...', output: '...')
#62 /home/runner/work/laravel-ddd-example/laravel-ddd-example/vendor/symfony/console/Application.php(341): Illuminate\\Console\\Application->doRunCommand(command: '...', input: '...', output: '...')
#63 /home/runner/work/laravel-ddd-example/laravel-ddd-example/vendor/symfony/console/Application.php(192): Illuminate\\Console\\Application->doRun(input: '...', output: '...')
#64 /home/runner/work/laravel-ddd-example/laravel-ddd-example/vendor/laravel/framework/src/Illuminate/Foundation/Console/Kernel.php(197): Illuminate\\Console\\Application->run(input: '...', output: '...')
#65 /home/runner/work/laravel-ddd-example/laravel-ddd-example/artisan(35): Illuminate\\Foundation\\Console\\Kernel->handle(input: '...', output: '...')
#66 /home/runner/work/laravel-ddd-example/laravel-ddd-example/artisan(0): {main}()
#67 {main}
"} 
